
> kugysoul-frontend@0.1.0 dev
> next dev --turbopack --port 12001 --hostname 0.0.0.0

   ▲ Next.js 15.3.4 (Turbopack)
   - Local:        http://localhost:12001
   - Network:      http://0.0.0.0:12001

 ✓ Starting...
 ✓ Ready in 1059ms
 ○ Compiling / ...
Error: Cannot apply unknown utility class `border-border`. Are you using CSS modules or similar and missing `@reference`? https://tailwindcss.com/docs/functions-and-directives#reference-directive
    [2m[at onInvalidCandidate (/workspace/KugySouL/node_modules/tailwindcss/dist/lib.js:18:1312)][0m
    [2m[at ge (/workspace/KugySouL/node_modules/tailwindcss/dist/lib.js:13:29803)][0m
    [2m[at /workspace/KugySouL/node_modules/tailwindcss/dist/lib.js:18:373][0m
    [2m[at I (/workspace/KugySouL/node_modules/tailwindcss/dist/lib.js:3:1656)][0m
    [2m[at je (/workspace/KugySouL/node_modules/tailwindcss/dist/lib.js:18:172)][0m
    [2m[at bi (/workspace/KugySouL/node_modules/tailwindcss/dist/lib.js:35:780)][0m
    [2m[at process.processTicksAndRejections (node:internal/process/task_queues:105:5)][0m
    [2m[at async yi (/workspace/KugySouL/node_modules/tailwindcss/dist/lib.js:35:1123)][0m
    [2m[at async _r (/workspace/KugySouL/node_modules/@tailwindcss/node/dist/index.js:10:3384)][0m
    [2m[at async p (/workspace/KugySouL/node_modules/@tailwindcss/postcss/dist/index.js:10:4019)][0m
 ✓ Compiled / in 4s
React does not recognize the `asChild` prop on a DOM element. If you intentionally want it to appear in the DOM as a custom attribute, spell it as lowercase `aschild` instead. If you accidentally passed it from a parent component, remove it from the DOM element.
 GET / 200 in 4469ms
 GET / 200 in 148ms
 GET / 200 in 191ms
 ⚠ Cross origin request detected from work-2-rhkystvvqhynsmmx.prod-runtime.all-hands.dev to /_next/* resource. In a future major version of Next.js, you will need to explicitly configure "allowedDevOrigins" in next.config to allow this.
Read more: https://nextjs.org/docs/app/api-reference/config/next-config-js/allowedDevOrigins
 GET / 200 in 171ms
 ○ Compiling /favicon.ico ...
 ✓ Compiled /favicon.ico in 544ms
 GET /favicon.ico?favicon.45db1c09.ico 200 in 817ms
 GET / 200 in 172ms
 GET / 200 in 150ms
 HEAD / 200 in 111ms
Error: Cannot apply unknown utility class `bg-background`. Are you using CSS modules or similar and missing `@reference`? https://tailwindcss.com/docs/functions-and-directives#reference-directive
    [2m[at onInvalidCandidate (/workspace/KugySouL/node_modules/tailwindcss/dist/lib.js:18:1312)][0m
    [2m[at ge (/workspace/KugySouL/node_modules/tailwindcss/dist/lib.js:13:29803)][0m
    [2m[at /workspace/KugySouL/node_modules/tailwindcss/dist/lib.js:18:373][0m
    [2m[at I (/workspace/KugySouL/node_modules/tailwindcss/dist/lib.js:3:1656)][0m
    [2m[at je (/workspace/KugySouL/node_modules/tailwindcss/dist/lib.js:18:172)][0m
    [2m[at bi (/workspace/KugySouL/node_modules/tailwindcss/dist/lib.js:35:780)][0m
    [2m[at process.processTicksAndRejections (node:internal/process/task_queues:105:5)][0m
    [2m[at async yi (/workspace/KugySouL/node_modules/tailwindcss/dist/lib.js:35:1123)][0m
    [2m[at async _r (/workspace/KugySouL/node_modules/@tailwindcss/node/dist/index.js:10:3384)][0m
    [2m[at async p (/workspace/KugySouL/node_modules/@tailwindcss/postcss/dist/index.js:10:4019)][0m
Error: Cannot apply unknown utility class `glass-effect`. Are you using CSS modules or similar and missing `@reference`? https://tailwindcss.com/docs/functions-and-directives#reference-directive
    [2m[at onInvalidCandidate (/workspace/KugySouL/node_modules/tailwindcss/dist/lib.js:18:1312)][0m
    [2m[at ge (/workspace/KugySouL/node_modules/tailwindcss/dist/lib.js:13:29503)][0m
    [2m[at /workspace/KugySouL/node_modules/tailwindcss/dist/lib.js:18:373][0m
    [2m[at I (/workspace/KugySouL/node_modules/tailwindcss/dist/lib.js:3:1656)][0m
    [2m[at je (/workspace/KugySouL/node_modules/tailwindcss/dist/lib.js:18:172)][0m
    [2m[at bi (/workspace/KugySouL/node_modules/tailwindcss/dist/lib.js:35:780)][0m
    [2m[at process.processTicksAndRejections (node:internal/process/task_queues:105:5)][0m
    [2m[at async yi (/workspace/KugySouL/node_modules/tailwindcss/dist/lib.js:35:1123)][0m
    [2m[at async _r (/workspace/KugySouL/node_modules/@tailwindcss/node/dist/index.js:10:3384)][0m
    [2m[at async p (/workspace/KugySouL/node_modules/@tailwindcss/postcss/dist/index.js:10:4019)][0m
 ⨯ [Error: ENOENT: no such file or directory, open '/workspace/KugySouL/.next/server/app/page/app-build-manifest.json'] {
  errno: -2,
  code: 'ENOENT',
  syscall: 'open',
  path: '/workspace/KugySouL/.next/server/app/page/app-build-manifest.json'
}
 ○ Compiling /_error ...
 ✓ Compiled /_error in 1332ms
 ⨯ [Error: ENOENT: no such file or directory, open '/workspace/KugySouL/.next/static/development/_buildManifest.js.tmp.30fgyou28qh'] {
  errno: -2,
  code: 'ENOENT',
  syscall: 'open',
  path: '/workspace/KugySouL/.next/static/development/_buildManifest.js.tmp.30fgyou28qh'
}
[Error: ENOENT: no such file or directory, open '/workspace/KugySouL/.next/server/app/page/app-build-manifest.json'] {
  errno: -2,
  code: 'ENOENT',
  syscall: 'open',
  path: '/workspace/KugySouL/.next/server/app/page/app-build-manifest.json'
}
 ⨯ [Error: ENOENT: no such file or directory, open '/workspace/KugySouL/.next/static/development/_buildManifest.js.tmp.pqcf35zcbke'] {
  errno: -2,
  code: 'ENOENT',
  syscall: 'open',
  path: '/workspace/KugySouL/.next/static/development/_buildManifest.js.tmp.pqcf35zcbke'
}
[Error: ENOENT: no such file or directory, open '/workspace/KugySouL/.next/static/development/_buildManifest.js.tmp.aqz30edlvam'] {
  errno: -2,
  code: 'ENOENT',
  syscall: 'open',
  path: '/workspace/KugySouL/.next/static/development/_buildManifest.js.tmp.aqz30edlvam'
}
Error: Cannot apply unknown utility class `rounded-lg`. Are you using CSS modules or similar and missing `@reference`? https://tailwindcss.com/docs/functions-and-directives#reference-directive
    [2m[at onInvalidCandidate (/workspace/KugySouL/node_modules/tailwindcss/dist/lib.js:18:1312)][0m
    [2m[at ge (/workspace/KugySouL/node_modules/tailwindcss/dist/lib.js:13:29803)][0m
    [2m[at /workspace/KugySouL/node_modules/tailwindcss/dist/lib.js:18:373][0m
    [2m[at I (/workspace/KugySouL/node_modules/tailwindcss/dist/lib.js:3:1656)][0m
    [2m[at je (/workspace/KugySouL/node_modules/tailwindcss/dist/lib.js:18:172)][0m
    [2m[at bi (/workspace/KugySouL/node_modules/tailwindcss/dist/lib.js:35:780)][0m
    [2m[at process.processTicksAndRejections (node:internal/process/task_queues:105:5)][0m
    [2m[at async yi (/workspace/KugySouL/node_modules/tailwindcss/dist/lib.js:35:1123)][0m
    [2m[at async _r (/workspace/KugySouL/node_modules/@tailwindcss/node/dist/index.js:10:3384)][0m
    [2m[at async p (/workspace/KugySouL/node_modules/@tailwindcss/postcss/dist/index.js:10:4019)][0m
 ⨯ [Error: ENOENT: no such file or directory, open '/workspace/KugySouL/.next/server/app/page/app-build-manifest.json'] {
  errno: -2,
  code: 'ENOENT',
  syscall: 'open',
  path: '/workspace/KugySouL/.next/server/app/page/app-build-manifest.json'
}
 ⨯ [Error: ENOENT: no such file or directory, open '/workspace/KugySouL/.next/server/pages/_app/build-manifest.json'] {
  errno: -2,
  code: 'ENOENT',
  syscall: 'open',
  path: '/workspace/KugySouL/.next/server/pages/_app/build-manifest.json'
}
[Error: ENOENT: no such file or directory, open '/workspace/KugySouL/.next/server/app/page/app-build-manifest.json'] {
  errno: -2,
  code: 'ENOENT',
  syscall: 'open',
  path: '/workspace/KugySouL/.next/server/app/page/app-build-manifest.json'
}
 ⨯ [Error: ENOENT: no such file or directory, open '/workspace/KugySouL/.next/server/pages/_app/build-manifest.json'] {
  errno: -2,
  code: 'ENOENT',
  syscall: 'open',
  path: '/workspace/KugySouL/.next/server/pages/_app/build-manifest.json'
}
[Error: ENOENT: no such file or directory, open '/workspace/KugySouL/.next/server/pages/_app/build-manifest.json'] {
  errno: -2,
  code: 'ENOENT',
  syscall: 'open',
  path: '/workspace/KugySouL/.next/server/pages/_app/build-manifest.json'
}
 ⨯ [Error: ENOENT: no such file or directory, open '/workspace/KugySouL/.next/server/app/page/app-build-manifest.json'] {
  errno: -2,
  code: 'ENOENT',
  syscall: 'open',
  path: '/workspace/KugySouL/.next/server/app/page/app-build-manifest.json'
}
 ⨯ [Error: ENOENT: no such file or directory, open '/workspace/KugySouL/.next/server/pages/_app/build-manifest.json'] {
  errno: -2,
  code: 'ENOENT',
  syscall: 'open',
  path: '/workspace/KugySouL/.next/server/pages/_app/build-manifest.json'
}
[Error: ENOENT: no such file or directory, open '/workspace/KugySouL/.next/server/app/page/app-build-manifest.json'] {
  errno: -2,
  code: 'ENOENT',
  syscall: 'open',
  path: '/workspace/KugySouL/.next/server/app/page/app-build-manifest.json'
}
 ⨯ [Error: ENOENT: no such file or directory, open '/workspace/KugySouL/.next/server/pages/_app/build-manifest.json'] {
  errno: -2,
  code: 'ENOENT',
  syscall: 'open',
  path: '/workspace/KugySouL/.next/server/pages/_app/build-manifest.json'
}
[Error: ENOENT: no such file or directory, open '/workspace/KugySouL/.next/server/pages/_app/build-manifest.json'] {
  errno: -2,
  code: 'ENOENT',
  syscall: 'open',
  path: '/workspace/KugySouL/.next/server/pages/_app/build-manifest.json'
}
